<?xml version="1.0" encoding="UTF-8"?>
<!-- Generated by org.testng.reporters.JUnitReportReporter -->
<testsuite hostname="Abhisheks-MacBook-Pro.local" name="com.fin.qa.testcases.SigninPageTest" tests="1" failures="0" timestamp="20 Jan 2020 18:00:21 GMT" time="11.989" errors="0">
  <testcase name="loginTest" time="11.989" classname="com.fin.qa.testcases.SigninPageTest"/>
</testsuite> <!-- com.fin.qa.testcases.SigninPageTest -->
