<?xml version="1.0" encoding="UTF-8"?>
<!-- Generated by org.testng.reporters.JUnitReportReporter -->
<testsuite hostname="Abhisheks-MacBook-Pro.local" name="com.fin.qa.testcases.SignupPageTest" tests="2" failures="0" timestamp="21 Jan 2020 04:25:38 GMT" time="28.058" errors="0">
  <testcase name="signupTest" time="14.141" classname="com.fin.qa.testcases.SignupPageTest"/>
  <testcase name="emailAlreadypresent" time="13.917" classname="com.fin.qa.testcases.SignupPageTest"/>
</testsuite> <!-- com.fin.qa.testcases.SignupPageTest -->
