<?xml version="1.0" encoding="UTF-8"?>
<!-- Generated by org.testng.reporters.JUnitReportReporter -->
<testsuite hostname="Abhisheks-MBP.fritz.box" name="com.fin.qa.testcases.HomeTest" tests="2" failures="0" timestamp="11 Mar 2020 14:21:15 GMT" time="37.279" errors="0">
  <testcase name="checkInformationonnNavigation" time="20.255" classname="com.fin.qa.testcases.HomeTest"/>
  <testcase name="createboardsuccesstest" time="17.024" classname="com.fin.qa.testcases.HomeTest"/>
</testsuite> <!-- com.fin.qa.testcases.HomeTest -->
